Conecta4_semana6/app/build/outputs/logs/manifest-merger-debug-report.txt
-- Merging decision tree log ---
manifest
ADDED from src\main\AndroidManifest.xml:2:1-55:12
	package
		ADDED from src\main\AndroidManifest.xml:3:5-61
		INJECTED from src\main\AndroidManifest.xml
		INJECTED from src\main\AndroidManifest.xml
	android:versionName
		ADDED from src\main\AndroidManifest.xml:5:5-30
	android:versionCode
		ADDED from src\main\AndroidManifest.xml:4:5-28
		INJECTED from src\main\AndroidManifest.xml
		INJECTED from src\main\AndroidManifest.xml
	xmlns:android
		ADDED from src\main\AndroidManifest.xml:2:11-69
uses-sdk
ADDED from src\main\AndroidManifest.xml:7:5-9:41
	android:targetSdkVersion
		ADDED from src\main\AndroidManifest.xml:9:9-38
		INJECTED from src\main\AndroidManifest.xml
		INJECTED from src\main\AndroidManifest.xml
	android:minSdkVersion
		ADDED from src\main\AndroidManifest.xml:8:9-35
		INJECTED from src\main\AndroidManifest.xml
		INJECTED from src\main\AndroidManifest.xml
application
ADDED from src\main\AndroidManifest.xml:11:5-53:19
	android:label
		ADDED from src\main\AndroidManifest.xml:14:9-41
	android:allowBackup
		ADDED from src\main\AndroidManifest.xml:12:9-35
	android:icon
		ADDED from src\main\AndroidManifest.xml:13:9-45
	android:theme
		ADDED from src\main\AndroidManifest.xml:15:9-40
activity#es.uam.eps.android.conecta4_semana6_incompleto.Initial
ADDED from src\main\AndroidManifest.xml:16:9-24:20
	android:label
		ADDED from src\main\AndroidManifest.xml:18:13-45
	android:name
		ADDED from src\main\AndroidManifest.xml:17:13-36
intent-filter#android.intent.action.MAIN+android.intent.category.LAUNCHER
ADDED from src\main\AndroidManifest.xml:19:13-23:29
action#android.intent.action.MAIN
ADDED from src\main\AndroidManifest.xml:20:17-69
	android:name
		ADDED from src\main\AndroidManifest.xml:20:25-66
category#android.intent.category.LAUNCHER
ADDED from src\main\AndroidManifest.xml:22:17-77
	android:name
		ADDED from src\main\AndroidManifest.xml:22:27-74
activity#es.uam.eps.android.conecta4_semana6_incompleto.MainActivity
ADDED from src\main\AndroidManifest.xml:25:9-33:20
	android:label
		ADDED from src\main\AndroidManifest.xml:27:13-29
	android:name
		ADDED from src\main\AndroidManifest.xml:26:13-41
intent-filter#android.intent.category.DEFAULT+es.uam.eps.android.conecta4_semana6_incompleto.MAINACTIVITY
ADDED from src\main\AndroidManifest.xml:28:13-32:29
action#es.uam.eps.android.conecta4_semana6_incompleto.MAINACTIVITY
ADDED from src\main\AndroidManifest.xml:29:17-102
	android:name
		ADDED from src\main\AndroidManifest.xml:29:25-99
category#android.intent.category.DEFAULT
ADDED from src\main\AndroidManifest.xml:31:17-76
	android:name
		ADDED from src\main\AndroidManifest.xml:31:27-73
activity#es.uam.eps.android.conecta4_semana6_incompleto.About
ADDED from src\main\AndroidManifest.xml:34:9-43:20
	android:label
		ADDED from src\main\AndroidManifest.xml:36:13-38
	android:theme
		ADDED from src\main\AndroidManifest.xml:37:13-67
	android:name
		ADDED from src\main\AndroidManifest.xml:35:13-34
intent-filter#android.intent.category.DEFAULT+es.uam.eps.android.conecta4_semana6_incompleto.ABOUT
ADDED from src\main\AndroidManifest.xml:38:13-42:29
action#es.uam.eps.android.conecta4_semana6_incompleto.ABOUT
ADDED from src\main\AndroidManifest.xml:39:17-95
	android:name
		ADDED from src\main\AndroidManifest.xml:39:25-92
activity#es.uam.eps.android.conecta4_semana6_incompleto.CCCPreference
ADDED from src\main\AndroidManifest.xml:44:9-52:20
	android:label
		ADDED from src\main\AndroidManifest.xml:46:13-29
	android:name
		ADDED from src\main\AndroidManifest.xml:45:13-42
intent-filter#android.intent.category.DEFAULT+es.uam.eps.android.conecta4_semana6_incompleto.CCCPREFERENCE
ADDED from src\main\AndroidManifest.xml:47:13-51:29
action#es.uam.eps.android.conecta4_semana6_incompleto.CCCPREFERENCE
ADDED from src\main\AndroidManifest.xml:48:17-103
	android:name
		ADDED from src\main\AndroidManifest.xml:48:25-100